c:\users\trong_phuc\onedrive_vnu-hcmus\documents\hcmus subjects\k21\thuchanh\oop\oop_finalproject\oop_finalproject\x64\debug\vc143.pdb
c:\users\trong_phuc\onedrive_vnu-hcmus\documents\hcmus subjects\k21\thuchanh\oop\oop_finalproject\oop_finalproject\x64\debug\vc143.idb
c:\users\trong_phuc\onedrive_vnu-hcmus\documents\hcmus subjects\k21\thuchanh\oop\oop_finalproject\oop_finalproject\x64\debug\supermarket.obj
c:\users\trong_phuc\onedrive_vnu-hcmus\documents\hcmus subjects\k21\thuchanh\oop\oop_finalproject\oop_finalproject\x64\debug\storage.obj
c:\users\trong_phuc\onedrive_vnu-hcmus\documents\hcmus subjects\k21\thuchanh\oop\oop_finalproject\oop_finalproject\x64\debug\special.obj
c:\users\trong_phuc\onedrive_vnu-hcmus\documents\hcmus subjects\k21\thuchanh\oop\oop_finalproject\oop_finalproject\x64\debug\product.obj
c:\users\trong_phuc\onedrive_vnu-hcmus\documents\hcmus subjects\k21\thuchanh\oop\oop_finalproject\oop_finalproject\x64\debug\oop_finalproject.obj
c:\users\trong_phuc\onedrive_vnu-hcmus\documents\hcmus subjects\k21\thuchanh\oop\oop_finalproject\oop_finalproject\x64\debug\normal.obj
c:\users\trong_phuc\onedrive_vnu-hcmus\documents\hcmus subjects\k21\thuchanh\oop\oop_finalproject\oop_finalproject\x64\debug\manager.obj
c:\users\trong_phuc\onedrive_vnu-hcmus\documents\hcmus subjects\k21\thuchanh\oop\oop_finalproject\oop_finalproject\x64\debug\invoice.obj
c:\users\trong_phuc\onedrive_vnu-hcmus\documents\hcmus subjects\k21\thuchanh\oop\oop_finalproject\oop_finalproject\x64\debug\grocery.obj
c:\users\trong_phuc\onedrive_vnu-hcmus\documents\hcmus subjects\k21\thuchanh\oop\oop_finalproject\oop_finalproject\x64\debug\electronic.obj
c:\users\trong_phuc\onedrive_vnu-hcmus\documents\hcmus subjects\k21\thuchanh\oop\oop_finalproject\oop_finalproject\x64\debug\customer.obj
c:\users\trong_phuc\onedrive_vnu-hcmus\documents\hcmus subjects\k21\thuchanh\oop\oop_finalproject\x64\debug\oop_finalproject.exe
c:\users\trong_phuc\onedrive_vnu-hcmus\documents\hcmus subjects\k21\thuchanh\oop\oop_finalproject\x64\debug\oop_finalproject.pdb
c:\users\trong_phuc\onedrive_vnu-hcmus\documents\hcmus subjects\k21\thuchanh\oop\oop_finalproject\oop_finalproject\x64\debug\oop_finalproject.ilk
c:\users\trong_phuc\onedrive_vnu-hcmus\documents\hcmus subjects\k21\thuchanh\oop\oop_finalproject\oop_finalproject\x64\debug\oop_finalproject.tlog\cl.command.1.tlog
c:\users\trong_phuc\onedrive_vnu-hcmus\documents\hcmus subjects\k21\thuchanh\oop\oop_finalproject\oop_finalproject\x64\debug\oop_finalproject.tlog\cl.items.tlog
c:\users\trong_phuc\onedrive_vnu-hcmus\documents\hcmus subjects\k21\thuchanh\oop\oop_finalproject\oop_finalproject\x64\debug\oop_finalproject.tlog\cl.read.1.tlog
c:\users\trong_phuc\onedrive_vnu-hcmus\documents\hcmus subjects\k21\thuchanh\oop\oop_finalproject\oop_finalproject\x64\debug\oop_finalproject.tlog\cl.write.1.tlog
c:\users\trong_phuc\onedrive_vnu-hcmus\documents\hcmus subjects\k21\thuchanh\oop\oop_finalproject\oop_finalproject\x64\debug\oop_finalproject.tlog\link.command.1.tlog
c:\users\trong_phuc\onedrive_vnu-hcmus\documents\hcmus subjects\k21\thuchanh\oop\oop_finalproject\oop_finalproject\x64\debug\oop_finalproject.tlog\link.read.1.tlog
c:\users\trong_phuc\onedrive_vnu-hcmus\documents\hcmus subjects\k21\thuchanh\oop\oop_finalproject\oop_finalproject\x64\debug\oop_finalproject.tlog\link.secondary.1.tlog
c:\users\trong_phuc\onedrive_vnu-hcmus\documents\hcmus subjects\k21\thuchanh\oop\oop_finalproject\oop_finalproject\x64\debug\oop_finalproject.tlog\link.write.1.tlog
